{"/Volumes/Ext SSD/Project/classTsApp/src/Component/ListItem.tsx": {"path":"/Volumes/Ext SSD/Project/classTsApp/src/Component/ListItem.tsx","statementMap":{"0":{"start":{"line":14,"column":4},"end":{"line":18,"column":5}},"1":{"start":{"line":15,"column":91},"end":{"line":15,"column":191}},"2":{"start":{"line":22,"column":14},"end":{"line":34,"column":2}}},"fnMap":{"0":{"name":"(anonymous_0)","decl":{"start":{"line":13,"column":2},"end":{"line":13,"column":3}},"loc":{"start":{"line":13,"column":11},"end":{"line":19,"column":3}},"line":13},"1":{"name":"(anonymous_1)","decl":{"start":{"line":15,"column":85},"end":{"line":15,"column":86}},"loc":{"start":{"line":15,"column":91},"end":{"line":15,"column":191}},"line":15}},"branchMap":{},"s":{"0":2,"1":1,"2":2},"f":{"0":2,"1":1},"b":{},"_coverageSchema":"1a1c01bbd47fc00a2c39e90264f33305004495a9","hash":"c9b92aa96f242999a6c9334c159291dc40c00462"}
,"/Volumes/Ext SSD/Project/classTsApp/src/screens/DetailScreen/index.tsx": {"path":"/Volumes/Ext SSD/Project/classTsApp/src/screens/DetailScreen/index.tsx","statementMap":{"0":{"start":{"line":13,"column":8},"end":{"line":13,"column":20}},"1":{"start":{"line":17,"column":23},"end":{"line":17,"column":48}},"2":{"start":{"line":18,"column":8},"end":{"line":18,"column":42}},"3":{"start":{"line":19,"column":8},"end":{"line":19,"column":35}},"4":{"start":{"line":20,"column":8},"end":{"line":20,"column":44}},"5":{"start":{"line":25,"column":8},"end":{"line":27,"column":10}},"6":{"start":{"line":32,"column":8},"end":{"line":39,"column":10}},"7":{"start":{"line":34,"column":29},"end":{"line":34,"column":50}},"8":{"start":{"line":35,"column":12},"end":{"line":35,"column":46}},"9":{"start":{"line":38,"column":12},"end":{"line":38,"column":45}},"10":{"start":{"line":42,"column":19},"end":{"line":45,"column":5}},"11":{"start":{"line":51,"column":22},"end":{"line":51,"column":32}},"12":{"start":{"line":52,"column":4},"end":{"line":52,"column":52}},"13":{"start":{"line":53,"column":4},"end":{"line":66,"column":5}}},"fnMap":{"0":{"name":"(anonymous_0)","decl":{"start":{"line":12,"column":4},"end":{"line":12,"column":5}},"loc":{"start":{"line":12,"column":42},"end":{"line":14,"column":5}},"line":12},"1":{"name":"(anonymous_1)","decl":{"start":{"line":16,"column":4},"end":{"line":16,"column":5}},"loc":{"start":{"line":16,"column":30},"end":{"line":21,"column":5}},"line":16},"2":{"name":"(anonymous_2)","decl":{"start":{"line":24,"column":4},"end":{"line":24,"column":5}},"loc":{"start":{"line":24,"column":28},"end":{"line":28,"column":5}},"line":24},"3":{"name":"(anonymous_3)","decl":{"start":{"line":31,"column":4},"end":{"line":31,"column":5}},"loc":{"start":{"line":31,"column":43},"end":{"line":40,"column":5}},"line":31},"4":{"name":"(anonymous_4)","decl":{"start":{"line":33,"column":14},"end":{"line":33,"column":15}},"loc":{"start":{"line":33,"column":32},"end":{"line":36,"column":9}},"line":33},"5":{"name":"(anonymous_5)","decl":{"start":{"line":37,"column":15},"end":{"line":37,"column":16}},"loc":{"start":{"line":37,"column":24},"end":{"line":39,"column":9}},"line":37},"6":{"name":"(anonymous_6)","decl":{"start":{"line":49,"column":2},"end":{"line":49,"column":3}},"loc":{"start":{"line":49,"column":11},"end":{"line":67,"column":3}},"line":49}},"branchMap":{},"s":{"0":1,"1":1,"2":1,"3":1,"4":1,"5":1,"6":1,"7":0,"8":0,"9":0,"10":1,"11":1,"12":1,"13":1},"f":{"0":1,"1":1,"2":1,"3":1,"4":0,"5":0,"6":1},"b":{},"_coverageSchema":"1a1c01bbd47fc00a2c39e90264f33305004495a9","hash":"6f1b9dc4051500b1d4631a191e93e8b79948b035"}
,"/Volumes/Ext SSD/Project/classTsApp/src/screens/DetailScreen/styles.ts": {"path":"/Volumes/Ext SSD/Project/classTsApp/src/screens/DetailScreen/styles.ts","statementMap":{"0":{"start":{"line":3,"column":22},"end":{"line":36,"column":2}}},"fnMap":{},"branchMap":{},"s":{"0":1},"f":{},"b":{},"_coverageSchema":"1a1c01bbd47fc00a2c39e90264f33305004495a9","hash":"177fd7d62da11fc8e7e3b1051e7d73336fe8243f"}
,"/Volumes/Ext SSD/Project/classTsApp/src/screens/HomeScreen/index.tsx": {"path":"/Volumes/Ext SSD/Project/classTsApp/src/screens/HomeScreen/index.tsx","statementMap":{"0":{"start":{"line":16,"column":4},"end":{"line":16,"column":16}},"1":{"start":{"line":20,"column":4},"end":{"line":20,"column":29}},"2":{"start":{"line":23,"column":17},"end":{"line":27,"column":3}},"3":{"start":{"line":30,"column":17},"end":{"line":52,"column":3}},"4":{"start":{"line":31,"column":4},"end":{"line":50,"column":6}},"5":{"start":{"line":35,"column":23},"end":{"line":35,"column":44}},"6":{"start":{"line":36,"column":35},"end":{"line":36,"column":50}},"7":{"start":{"line":38,"column":6},"end":{"line":45,"column":7}},"8":{"start":{"line":39,"column":8},"end":{"line":41,"column":10}},"9":{"start":{"line":40,"column":10},"end":{"line":40,"column":25}},"10":{"start":{"line":42,"column":8},"end":{"line":42,"column":65}},"11":{"start":{"line":44,"column":8},"end":{"line":44,"column":74}},"12":{"start":{"line":49,"column":6},"end":{"line":49,"column":24}},"13":{"start":{"line":56,"column":16},"end":{"line":61,"column":3}},"14":{"start":{"line":57,"column":25},"end":{"line":57,"column":35}},"15":{"start":{"line":58,"column":4},"end":{"line":60,"column":5}},"16":{"start":{"line":64,"column":4},"end":{"line":74,"column":5}},"17":{"start":{"line":69,"column":41},"end":{"line":69,"column":75}},"18":{"start":{"line":70,"column":40},"end":{"line":70,"column":68}},"19":{"start":{"line":71,"column":30},"end":{"line":71,"column":49}}},"fnMap":{"0":{"name":"(anonymous_0)","decl":{"start":{"line":15,"column":2},"end":{"line":15,"column":3}},"loc":{"start":{"line":15,"column":44},"end":{"line":17,"column":3}},"line":15},"1":{"name":"(anonymous_1)","decl":{"start":{"line":19,"column":2},"end":{"line":19,"column":3}},"loc":{"start":{"line":19,"column":43},"end":{"line":21,"column":3}},"line":19},"2":{"name":"(anonymous_2)","decl":{"start":{"line":30,"column":17},"end":{"line":30,"column":18}},"loc":{"start":{"line":30,"column":29},"end":{"line":52,"column":3}},"line":30},"3":{"name":"(anonymous_3)","decl":{"start":{"line":34,"column":10},"end":{"line":34,"column":11}},"loc":{"start":{"line":34,"column":28},"end":{"line":47,"column":5}},"line":34},"4":{"name":"(anonymous_4)","decl":{"start":{"line":39,"column":29},"end":{"line":39,"column":30}},"loc":{"start":{"line":39,"column":44},"end":{"line":41,"column":9}},"line":39},"5":{"name":"(anonymous_5)","decl":{"start":{"line":48,"column":11},"end":{"line":48,"column":12}},"loc":{"start":{"line":48,"column":20},"end":{"line":50,"column":5}},"line":48},"6":{"name":"(anonymous_6)","decl":{"start":{"line":56,"column":16},"end":{"line":56,"column":17}},"loc":{"start":{"line":56,"column":55},"end":{"line":61,"column":3}},"line":56},"7":{"name":"(anonymous_7)","decl":{"start":{"line":63,"column":2},"end":{"line":63,"column":3}},"loc":{"start":{"line":63,"column":11},"end":{"line":75,"column":3}},"line":63},"8":{"name":"(anonymous_8)","decl":{"start":{"line":69,"column":24},"end":{"line":69,"column":25}},"loc":{"start":{"line":69,"column":41},"end":{"line":69,"column":75}},"line":69},"9":{"name":"(anonymous_9)","decl":{"start":{"line":70,"column":22},"end":{"line":70,"column":23}},"loc":{"start":{"line":70,"column":40},"end":{"line":70,"column":68}},"line":70},"10":{"name":"(anonymous_10)","decl":{"start":{"line":71,"column":24},"end":{"line":71,"column":25}},"loc":{"start":{"line":71,"column":30},"end":{"line":71,"column":49}},"line":71}},"branchMap":{"0":{"loc":{"start":{"line":38,"column":6},"end":{"line":45,"column":7}},"type":"if","locations":[{"start":{"line":38,"column":6},"end":{"line":45,"column":7}},{"start":{"line":43,"column":13},"end":{"line":45,"column":7}}],"line":38}},"s":{"0":2,"1":2,"2":2,"3":2,"4":2,"5":0,"6":0,"7":0,"8":0,"9":0,"10":0,"11":0,"12":0,"13":2,"14":0,"15":0,"16":2,"17":0,"18":0,"19":0},"f":{"0":2,"1":2,"2":2,"3":0,"4":0,"5":0,"6":0,"7":2,"8":0,"9":0,"10":0},"b":{"0":[0,0]},"_coverageSchema":"1a1c01bbd47fc00a2c39e90264f33305004495a9","hash":"d6e12e47fb3c54f91691f7773233432419b48af8"}
,"/Volumes/Ext SSD/Project/classTsApp/src/screens/HomeScreen/styles.ts": {"path":"/Volumes/Ext SSD/Project/classTsApp/src/screens/HomeScreen/styles.ts","statementMap":{"0":{"start":{"line":3,"column":21},"end":{"line":19,"column":4}}},"fnMap":{},"branchMap":{},"s":{"0":1},"f":{},"b":{},"_coverageSchema":"1a1c01bbd47fc00a2c39e90264f33305004495a9","hash":"582e2fe66c03909690849f8f9e51be3f574dda19"}
}
